# JRE version: OpenJDK Runtime Environment (11.0.2+9) (build 11.0.2+9)
# Java VM: OpenJDK 64-Bit Server VM (11.0.2+9, mixed mode, tiered, compressed oops, g1 gc, windows-amd64)
Heap:
 garbage-first heap   total 337920K, used 155994K [0x0000000740000000, 0x0000000800000000)
  region size 1024K, 49 young (50176K), 0 survivors (0K)
 Metaspace       used 98882K, capacity 101537K, committed 101840K, reserved 1136640K
  class space    used 13186K, capacity 14361K, committed 14464K, reserved 1048576K
GC Heap History (10 events):
Event: 2550.428 GC heap before
{Heap before GC invocations=727 (full 171):
 garbage-first heap   total 337920K, used 167908K [0x0000000740000000, 0x0000000800000000)
  region size 1024K, 60 young (61440K), 1 survivors (1024K)
 Metaspace       used 98862K, capacity 101473K, committed 101584K, reserved 1136640K
  class space    used 13185K, capacity 14361K, committed 14464K, reserved 1048576K
}
Event: 2550.429 GC heap after
{Heap after GC invocations=728 (full 171):
 garbage-first heap   total 337920K, used 107710K [0x0000000740000000, 0x0000000800000000)
  region size 1024K, 1 young (1024K), 1 survivors (1024K)
 Metaspace       used 98862K, capacity 101473K, committed 101584K, reserved 1136640K
  class space    used 13185K, capacity 14361K, committed 14464K, reserved 1048576K
}
Event: 2603.712 GC heap before
{Heap before GC invocations=728 (full 171):
 garbage-first heap   total 337920K, used 168126K [0x0000000740000000, 0x0000000800000000)
  region size 1024K, 60 young (61440K), 1 survivors (1024K)
 Metaspace       used 98872K, capacity 101537K, committed 101840K, reserved 1136640K
  class space    used 13186K, capacity 14361K, committed 14464K, reserved 1048576K
}
Event: 2603.713 GC heap after
{Heap after GC invocations=729 (full 171):
 garbage-first heap   total 337920K, used 107657K [0x0000000740000000, 0x0000000800000000)
  region size 1024K, 1 young (1024K), 1 survivors (1024K)
 Metaspace       used 98872K, capacity 101537K, committed 101840K, reserved 1136640K
  class space    used 13186K, capacity 14361K, committed 14464K, reserved 1048576K
}
Event: 2607.474 GC heap before
{Heap before GC invocations=729 (full 171):
 garbage-first heap   total 337920K, used 168073K [0x0000000740000000, 0x0000000800000000)
  region size 1024K, 60 young (61440K), 1 survivors (1024K)
 Metaspace       used 98872K, capacity 101537K, committed 101840K, reserved 1136640K
  class space    used 13186K, capacity 14361K, committed 14464K, reserved 1048576K
}
Event: 2607.475 GC heap after
{Heap after GC invocations=730 (full 171):
 garbage-first heap   total 337920K, used 107679K [0x0000000740000000, 0x0000000800000000)
  region size 1024K, 1 young (1024K), 1 survivors (1024K)
 Metaspace       used 98872K, capacity 101537K, committed 101840K, reserved 1136640K
  class space    used 13186K, capacity 14361K, committed 14464K, reserved 1048576K
}
Event: 2607.968 GC heap before
{Heap before GC invocations=730 (full 171):
 garbage-first heap   total 337920K, used 109727K [0x0000000740000000, 0x0000000800000000)
  region size 1024K, 4 young (4096K), 1 survivors (1024K)
 Metaspace       used 98872K, capacity 101537K, committed 101840K, reserved 1136640K
  class space    used 13186K, capacity 14361K, committed 14464K, reserved 1048576K
}
Event: 2608.006 GC heap after
{Heap after GC invocations=731 (full 172):
 garbage-first heap   total 337920K, used 106673K [0x0000000740000000, 0x0000000800000000)
  region size 1024K, 0 young (0K), 0 survivors (0K)
 Metaspace       used 98872K, capacity 101537K, committed 101840K, reserved 1136640K
  class space    used 13186K, capacity 14361K, committed 14464K, reserved 1048576K
}
Event: 2610.195 GC heap before
{Heap before GC invocations=731 (full 172):
 garbage-first heap   total 337920K, used 129201K [0x0000000740000000, 0x0000000800000000)
  region size 1024K, 23 young (23552K), 0 survivors (0K)
 Metaspace       used 98877K, capacity 101537K, committed 101840K, reserved 1136640K
  class space    used 13186K, capacity 14361K, committed 14464K, reserved 1048576K
}
Event: 2610.236 GC heap after
{Heap after GC invocations=732 (full 173):
 garbage-first heap   total 337920K, used 106842K [0x0000000740000000, 0x0000000800000000)
  region size 1024K, 0 young (0K), 0 survivors (0K)
 Metaspace       used 98877K, capacity 101537K, committed 101840K, reserved 1136640K
  class space    used 13186K, capacity 14361K, committed 14464K, reserved 1048576K
}

